[debug] [2021-06-13T11:18:26.463Z] ----------------------------------------------------------------------
[debug] [2021-06-13T11:18:26.466Z] Command:       /home/raza/.nvm/versions/node/v14.17.0/bin/node /home/raza/.nvm/versions/node/v14.17.0/bin/firebase deploy
[debug] [2021-06-13T11:18:26.467Z] CLI Version:   9.12.1
[debug] [2021-06-13T11:18:26.467Z] Platform:      linux
[debug] [2021-06-13T11:18:26.467Z] Node Version:  v14.17.0
[debug] [2021-06-13T11:18:26.468Z] Time:          Sun Jun 13 2021 16:18:26 GMT+0500 (Pakistan Standard Time)
[debug] [2021-06-13T11:18:26.468Z] ----------------------------------------------------------------------
[debug] 
[debug] [2021-06-13T11:18:26.479Z] > command requires scopes: ["email","openid","https://www.googleapis.com/auth/cloudplatformprojects.readonly","https://www.googleapis.com/auth/firebase","https://www.googleapis.com/auth/cloud-platform"]
[debug] [2021-06-13T11:18:26.479Z] > authorizing via signed-in user (007razajutt@gmail.com)
[debug] [2021-06-13T11:18:26.479Z] [iam] checking project messengerclone-d4793 for permissions ["firebase.projects.get","firebasehosting.sites.update"]
[debug] [2021-06-13T11:18:26.483Z] >>> HTTP REQUEST POST https://cloudresourcemanager.googleapis.com/v1/projects/messengerclone-d4793:testIamPermissions  
 {"permissions":["firebase.projects.get","firebasehosting.sites.update"]}
[debug] [2021-06-13T11:18:28.188Z] <<< HTTP RESPONSE 200 {"content-type":"application/json; charset=UTF-8","vary":"X-Origin, Referer, Origin,Accept-Encoding","date":"Sun, 13 Jun 2021 11:18:04 GMT","server":"ESF","cache-control":"private","x-xss-protection":"0","x-frame-options":"SAMEORIGIN","x-content-type-options":"nosniff","server-timing":"gfet4t7; dur=1202","alt-svc":"h3=\":443\"; ma=2592000,h3-29=\":443\"; ma=2592000,h3-T051=\":443\"; ma=2592000,h3-Q050=\":443\"; ma=2592000,h3-Q046=\":443\"; ma=2592000,h3-Q043=\":443\"; ma=2592000,quic=\":443\"; ma=2592000; v=\"46,43\"","accept-ranges":"none","transfer-encoding":"chunked"}
[debug] [2021-06-13T11:18:28.195Z] > refreshing access token with scopes: []
[debug] [2021-06-13T11:18:28.195Z] >>> HTTP REQUEST POST https://www.googleapis.com/oauth2/v3/token  
 <request body omitted>
[debug] [2021-06-13T11:18:28.737Z] <<< HTTP RESPONSE 200 {"date":"Sun, 13 Jun 2021 11:18:04 GMT","cache-control":"no-cache, no-store, max-age=0, must-revalidate","expires":"Mon, 01 Jan 1990 00:00:00 GMT","pragma":"no-cache","content-type":"application/json; charset=utf-8","vary":"X-Origin, Referer, Origin,Accept-Encoding","server":"scaffolding on HTTPServer2","x-xss-protection":"0","x-frame-options":"SAMEORIGIN","x-content-type-options":"nosniff","alt-svc":"h3=\":443\"; ma=2592000,h3-29=\":443\"; ma=2592000,h3-T051=\":443\"; ma=2592000,h3-Q050=\":443\"; ma=2592000,h3-Q046=\":443\"; ma=2592000,h3-Q043=\":443\"; ma=2592000,quic=\":443\"; ma=2592000; v=\"46,43\"","accept-ranges":"none","transfer-encoding":"chunked"}
[debug] [2021-06-13T11:18:28.816Z] >>> [apiv2][query] GET https://firebase.googleapis.com/v1beta1/projects/messengerclone-d4793 [none]
[debug] [2021-06-13T11:18:29.790Z] <<< [apiv2][status] GET https://firebase.googleapis.com/v1beta1/projects/messengerclone-d4793 200
[debug] [2021-06-13T11:18:29.791Z] <<< [apiv2][body] GET https://firebase.googleapis.com/v1beta1/projects/messengerclone-d4793 {"projectId":"messengerclone-d4793","projectNumber":"36722609367","displayName":"messengerClone","name":"projects/messengerclone-d4793","resources":{"hostingSite":"messengerclone-d4793","storageBucket":"messengerclone-d4793.appspot.com","locationId":"us-central"},"state":"ACTIVE"}
[info] 
[info] === Deploying to 'messengerclone-d4793'...
[info] 
[info] i  deploying hosting 
[debug] [2021-06-13T11:18:29.796Z] > refreshing access token with scopes: ["email","https://www.googleapis.com/auth/cloud-platform","https://www.googleapis.com/auth/cloudplatformprojects.readonly","https://www.googleapis.com/auth/firebase","openid"]
[debug] [2021-06-13T11:18:29.796Z] >>> HTTP REQUEST POST https://www.googleapis.com/oauth2/v3/token  
 <request body omitted>
[debug] [2021-06-13T11:18:30.345Z] <<< HTTP RESPONSE 200 {"cache-control":"no-cache, no-store, max-age=0, must-revalidate","date":"Sun, 13 Jun 2021 11:18:06 GMT","expires":"Mon, 01 Jan 1990 00:00:00 GMT","pragma":"no-cache","content-type":"application/json; charset=utf-8","vary":"X-Origin, Referer, Origin,Accept-Encoding","server":"scaffolding on HTTPServer2","x-xss-protection":"0","x-frame-options":"SAMEORIGIN","x-content-type-options":"nosniff","alt-svc":"h3=\":443\"; ma=2592000,h3-29=\":443\"; ma=2592000,h3-T051=\":443\"; ma=2592000,h3-Q050=\":443\"; ma=2592000,h3-Q046=\":443\"; ma=2592000,h3-Q043=\":443\"; ma=2592000,quic=\":443\"; ma=2592000; v=\"46,43\"","accept-ranges":"none","transfer-encoding":"chunked"}
[debug] [2021-06-13T11:18:30.422Z] >>> HTTP REQUEST POST https://firebasehosting.googleapis.com/v1beta1/sites/messengerclone-d4793/versions  
 {"config":{"rewrites":[{"glob":"**","path":"/index.html"}]},"labels":{"deployment-tool":"cli-firebase"}}
[debug] [2021-06-13T11:18:32.666Z] <<< HTTP RESPONSE 200 {"content-type":"application/json; charset=UTF-8","vary":"X-Origin, Referer, Origin,Accept-Encoding","date":"Sun, 13 Jun 2021 11:18:08 GMT","server":"ESF","cache-control":"private","x-xss-protection":"0","x-frame-options":"SAMEORIGIN","x-content-type-options":"nosniff","alt-svc":"h3=\":443\"; ma=2592000,h3-29=\":443\"; ma=2592000,h3-T051=\":443\"; ma=2592000,h3-Q050=\":443\"; ma=2592000,h3-Q046=\":443\"; ma=2592000,h3-Q043=\":443\"; ma=2592000,quic=\":443\"; ma=2592000; v=\"46,43\"","accept-ranges":"none","transfer-encoding":"chunked"}
[info] i  hosting[messengerclone-d4793]: beginning deploy... 
[info] i  hosting[messengerclone-d4793]: found 25 files in build 
[debug] [2021-06-13T11:18:33.716Z] > refreshing access token with scopes: []
[debug] [2021-06-13T11:18:33.717Z] >>> HTTP REQUEST POST https://www.googleapis.com/oauth2/v3/token  
 <request body omitted>
[debug] [2021-06-13T11:18:33.721Z] [hosting] hash cache [YnVpbGQ] stored for 25 files
[debug] [2021-06-13T11:18:33.722Z] [hosting][hash queue][FINAL] {"max":1014,"min":33,"avg":88.88,"active":0,"complete":25,"success":25,"errored":0,"retried":0,"total":25,"elapsed":1030}
[debug] [2021-06-13T11:18:34.256Z] <<< HTTP RESPONSE 200 {"expires":"Mon, 01 Jan 1990 00:00:00 GMT","cache-control":"no-cache, no-store, max-age=0, must-revalidate","pragma":"no-cache","date":"Sun, 13 Jun 2021 11:18:10 GMT","content-type":"application/json; charset=utf-8","vary":"X-Origin, Referer, Origin,Accept-Encoding","server":"scaffolding on HTTPServer2","x-xss-protection":"0","x-frame-options":"SAMEORIGIN","x-content-type-options":"nosniff","alt-svc":"h3=\":443\"; ma=2592000,h3-29=\":443\"; ma=2592000,h3-T051=\":443\"; ma=2592000,h3-Q050=\":443\"; ma=2592000,h3-Q046=\":443\"; ma=2592000,h3-Q043=\":443\"; ma=2592000,quic=\":443\"; ma=2592000; v=\"46,43\"","accept-ranges":"none","transfer-encoding":"chunked"}
[debug] [2021-06-13T11:18:34.328Z] >>> [apiv2][query] POST https://firebasehosting.googleapis.com/v1beta1/sites/messengerclone-d4793/versions/17ff150c87bbf035:populateFiles [none]
[debug] [2021-06-13T11:18:34.329Z] >>> [apiv2][body] POST https://firebasehosting.googleapis.com/v1beta1/sites/messengerclone-d4793/versions/17ff150c87bbf035:populateFiles {"files":{"/asset-manifest.json":"538d9a31f58803ce0eb3d61a42d149363209b9bbaa0361149e893f9d5c8bb265","/favicon.ico":"c599b7a91ab3627e3538125d9f40adc2d4bf949046984262670545dc7738af06","/index.html":"b107c11e08de94fa4fb26e573208c6848488454c5a5c308d747350693935c0f3","/logo192.png":"76c449ccb9cd117c2f2338f091b18f7050f3210e249b2228f5c81b23f34377cd","/logo512.png":"7779210d56c1f3741e2e487799fe3092def4fa6ac450a60532b807c3a8971205","/manifest.json":"0958a5e0c831126100c8c2d06a6bbaa665a3900f21aaff4130238a6f5a113aa1","/me.png":"9c41a612234fb71d7afbc1560c562a4175b8bb2fdafc0f195f672bdee5224a1a","/robots.txt":"2544ca049f223a42bff01f72ad930a5edba75bbb7199d0f8430a02ff5aca16ec","/u.png":"71193ba541a78cff566b386960da1b042d34a8d3c5c37fca552278b15f03c643","/static/css/2.3349d4df.chunk.css":"c43e0874e9b7e434c43cccc928b334ce388958b2275210320f139bc8b6566b0c","/static/css/2.3349d4df.chunk.css.map":"5badfd4bd297e8e8f3403b6ceb0c51aa5ab0b845d2f966a9a2c0a9b124213217","/static/css/main.f1802718.chunk.css":"61dc7ffb043fbcf72526a8056b32443ce1ca107cd7dd0da5914438a6d7f5794c","/static/css/main.f1802718.chunk.css.map":"713397747fb53fe451d9b05ddcea1f4f7ad393ac01b6fe526bd6f282d060b381","/static/js/3.d3b1b601.chunk.js":"1723839a6c36e661c4c0528068483c4cf982ac098970b3bd76973bf15e241b87","/static/js/main.f198af2f.chunk.js":"245c10e7fc056a577448e54f84c93c43383ab13a9b35c1014703e04e7ee5bf3c","/static/js/main.f198af2f.chunk.js.map":"0a8a3ef9d5df615d0dceba006d27434221940140f0c3e93560443a6243a06528","/static/js/runtime-main.5623cdda.js":"77e1f7e2e76e637ac6aceb19e69eccb812cd8e0be89bb1c875ad65e4b254c8b4","/static/js/2.36d32295.chunk.js.LICENSE.txt":"be72517abac182035be2b31fb7c469fe80d473c04de5ba4ab6fe93acde73e0ff","/static/js/runtime-main.5623cdda.js.map":"7253e6f36a1cce775c1abe843c6cbc183f9e2bc4738e364558ff32e6fa7c3df2","/static/js/3.d3b1b601.chunk.js.map":"7dceb03068a04dbf9dd786f348fa6dd8b0b238f0459e6ee91f56ea22f495b9cf","/logo.png":"b83d64e8523a091ff8ed751fe08a6bf74e3b290d65b9a3e23862bd4037388413","/static/media/Poppins-SemiBold.cce5625b.ttf":"c59255952e6c141e71bd4bc4733971c36f199e321b58bb8b2982c7b681a61264","/static/media/Poppins-Regular.8081832f.ttf":"b136b7cf9c4617425e2d431eab12fbf6aabad5991ef38bbcc098ae143f2ed8fb","/static/js/2.36d32295.chunk.js":"7b771d3c023bb63f2ffa181d1d5cb6479b9ab255ab1d2d5b77cae9bfb70c0eaf","/static/js/2.36d32295.chunk.js.map":"67b1a5d375b7633082d484fa517845ffb5043a47934950f36b9a01db8db68ed3"}}
[debug] [2021-06-13T11:18:36.199Z] <<< [apiv2][status] POST https://firebasehosting.googleapis.com/v1beta1/sites/messengerclone-d4793/versions/17ff150c87bbf035:populateFiles 200
[debug] [2021-06-13T11:18:36.199Z] <<< [apiv2][body] POST https://firebasehosting.googleapis.com/v1beta1/sites/messengerclone-d4793/versions/17ff150c87bbf035:populateFiles {"uploadRequiredHashes":["b107c11e08de94fa4fb26e573208c6848488454c5a5c308d747350693935c0f3","713397747fb53fe451d9b05ddcea1f4f7ad393ac01b6fe526bd6f282d060b381","61dc7ffb043fbcf72526a8056b32443ce1ca107cd7dd0da5914438a6d7f5794c","538d9a31f58803ce0eb3d61a42d149363209b9bbaa0361149e893f9d5c8bb265"],"uploadUrl":"https://upload-firebasehosting.googleapis.com/upload/sites/messengerclone-d4793/versions/17ff150c87bbf035/files"}
[debug] [2021-06-13T11:18:36.201Z] >>> [apiv2][query] POST https://upload-firebasehosting.googleapis.com/upload/sites/messengerclone-d4793/versions/17ff150c87bbf035/files/b107c11e08de94fa4fb26e573208c6848488454c5a5c308d747350693935c0f3 [none]
[debug] [2021-06-13T11:18:36.201Z] >>> [apiv2][body] POST https://upload-firebasehosting.googleapis.com/upload/sites/messengerclone-d4793/versions/17ff150c87bbf035/files/b107c11e08de94fa4fb26e573208c6848488454c5a5c308d747350693935c0f3 [stream]
[debug] [2021-06-13T11:18:36.203Z] >>> [apiv2][query] POST https://upload-firebasehosting.googleapis.com/upload/sites/messengerclone-d4793/versions/17ff150c87bbf035/files/713397747fb53fe451d9b05ddcea1f4f7ad393ac01b6fe526bd6f282d060b381 [none]
[debug] [2021-06-13T11:18:36.204Z] >>> [apiv2][body] POST https://upload-firebasehosting.googleapis.com/upload/sites/messengerclone-d4793/versions/17ff150c87bbf035/files/713397747fb53fe451d9b05ddcea1f4f7ad393ac01b6fe526bd6f282d060b381 [stream]
[debug] [2021-06-13T11:18:36.205Z] >>> [apiv2][query] POST https://upload-firebasehosting.googleapis.com/upload/sites/messengerclone-d4793/versions/17ff150c87bbf035/files/61dc7ffb043fbcf72526a8056b32443ce1ca107cd7dd0da5914438a6d7f5794c [none]
[debug] [2021-06-13T11:18:36.205Z] >>> [apiv2][body] POST https://upload-firebasehosting.googleapis.com/upload/sites/messengerclone-d4793/versions/17ff150c87bbf035/files/61dc7ffb043fbcf72526a8056b32443ce1ca107cd7dd0da5914438a6d7f5794c [stream]
[debug] [2021-06-13T11:18:36.207Z] >>> [apiv2][query] POST https://upload-firebasehosting.googleapis.com/upload/sites/messengerclone-d4793/versions/17ff150c87bbf035/files/538d9a31f58803ce0eb3d61a42d149363209b9bbaa0361149e893f9d5c8bb265 [none]
[debug] [2021-06-13T11:18:36.207Z] >>> [apiv2][body] POST https://upload-firebasehosting.googleapis.com/upload/sites/messengerclone-d4793/versions/17ff150c87bbf035/files/538d9a31f58803ce0eb3d61a42d149363209b9bbaa0361149e893f9d5c8bb265 [stream]
[debug] [2021-06-13T11:18:36.208Z] [hosting][populate queue][FINAL] {"max":2485,"min":2485,"avg":2485,"active":0,"complete":1,"success":1,"errored":0,"retried":0,"total":1,"elapsed":2492}
[debug] [2021-06-13T11:18:36.209Z] [hosting] uploads queued: 4
[debug] [2021-06-13T11:18:38.104Z] <<< [apiv2][status] POST https://upload-firebasehosting.googleapis.com/upload/sites/messengerclone-d4793/versions/17ff150c87bbf035/files/b107c11e08de94fa4fb26e573208c6848488454c5a5c308d747350693935c0f3 200
[debug] [2021-06-13T11:18:38.104Z] <<< [apiv2][body] POST https://upload-firebasehosting.googleapis.com/upload/sites/messengerclone-d4793/versions/17ff150c87bbf035/files/b107c11e08de94fa4fb26e573208c6848488454c5a5c308d747350693935c0f3 [stream]
[debug] [2021-06-13T11:18:38.106Z] <<< [apiv2][status] POST https://upload-firebasehosting.googleapis.com/upload/sites/messengerclone-d4793/versions/17ff150c87bbf035/files/538d9a31f58803ce0eb3d61a42d149363209b9bbaa0361149e893f9d5c8bb265 200
[debug] [2021-06-13T11:18:38.106Z] <<< [apiv2][body] POST https://upload-firebasehosting.googleapis.com/upload/sites/messengerclone-d4793/versions/17ff150c87bbf035/files/538d9a31f58803ce0eb3d61a42d149363209b9bbaa0361149e893f9d5c8bb265 [stream]
[debug] [2021-06-13T11:18:38.108Z] <<< [apiv2][status] POST https://upload-firebasehosting.googleapis.com/upload/sites/messengerclone-d4793/versions/17ff150c87bbf035/files/713397747fb53fe451d9b05ddcea1f4f7ad393ac01b6fe526bd6f282d060b381 200
[debug] [2021-06-13T11:18:38.108Z] <<< [apiv2][body] POST https://upload-firebasehosting.googleapis.com/upload/sites/messengerclone-d4793/versions/17ff150c87bbf035/files/713397747fb53fe451d9b05ddcea1f4f7ad393ac01b6fe526bd6f282d060b381 [stream]
[debug] [2021-06-13T11:18:38.109Z] <<< [apiv2][status] POST https://upload-firebasehosting.googleapis.com/upload/sites/messengerclone-d4793/versions/17ff150c87bbf035/files/61dc7ffb043fbcf72526a8056b32443ce1ca107cd7dd0da5914438a6d7f5794c 200
[debug] [2021-06-13T11:18:38.109Z] <<< [apiv2][body] POST https://upload-firebasehosting.googleapis.com/upload/sites/messengerclone-d4793/versions/17ff150c87bbf035/files/61dc7ffb043fbcf72526a8056b32443ce1ca107cd7dd0da5914438a6d7f5794c [stream]
[debug] [2021-06-13T11:18:38.109Z] [hosting][upload queue][FINAL] {"max":1908,"min":1905,"avg":1906.5,"active":0,"complete":4,"success":4,"errored":0,"retried":0,"total":4,"elapsed":1910}
[info] ✔  hosting[messengerclone-d4793]: file upload complete 
[debug] [2021-06-13T11:18:38.110Z] [hosting] deploy completed after 5443ms
[debug] [2021-06-13T11:18:38.113Z] [
  {
    "config": {
      "public": "build",
      "ignore": [
        "firebase.json",
        "**/.*",
        "**/node_modules/**"
      ],
      "rewrites": [
        {
          "source": "**",
          "destination": "/index.html"
        }
      ],
      "site": "messengerclone-d4793"
    },
    "site": "messengerclone-d4793",
    "version": "sites/messengerclone-d4793/versions/17ff150c87bbf035"
  }
]
[info] i  hosting[messengerclone-d4793]: finalizing version... 
[debug] [2021-06-13T11:18:38.114Z] > refreshing access token with scopes: ["email","https://www.googleapis.com/auth/cloud-platform","https://www.googleapis.com/auth/cloudplatformprojects.readonly","https://www.googleapis.com/auth/firebase","openid"]
[debug] [2021-06-13T11:18:38.114Z] >>> HTTP REQUEST POST https://www.googleapis.com/oauth2/v3/token  
 <request body omitted>
[debug] [2021-06-13T11:18:38.616Z] <<< HTTP RESPONSE 200 {"date":"Sun, 13 Jun 2021 11:18:14 GMT","expires":"Mon, 01 Jan 1990 00:00:00 GMT","cache-control":"no-cache, no-store, max-age=0, must-revalidate","pragma":"no-cache","content-type":"application/json; charset=utf-8","vary":"X-Origin, Referer, Origin,Accept-Encoding","server":"scaffolding on HTTPServer2","x-xss-protection":"0","x-frame-options":"SAMEORIGIN","x-content-type-options":"nosniff","alt-svc":"h3=\":443\"; ma=2592000,h3-29=\":443\"; ma=2592000,h3-T051=\":443\"; ma=2592000,h3-Q050=\":443\"; ma=2592000,h3-Q046=\":443\"; ma=2592000,h3-Q043=\":443\"; ma=2592000,quic=\":443\"; ma=2592000; v=\"46,43\"","accept-ranges":"none","transfer-encoding":"chunked"}
[debug] [2021-06-13T11:18:38.677Z] >>> HTTP REQUEST PATCH https://firebasehosting.googleapis.com/v1beta1/sites/messengerclone-d4793/versions/17ff150c87bbf035?updateMask=status  
 {"status":"FINALIZED"}
[debug] [2021-06-13T11:18:40.656Z] <<< HTTP RESPONSE 200 {"content-type":"application/json; charset=UTF-8","vary":"X-Origin, Referer, Origin,Accept-Encoding","date":"Sun, 13 Jun 2021 11:18:16 GMT","server":"ESF","cache-control":"private","x-xss-protection":"0","x-frame-options":"SAMEORIGIN","x-content-type-options":"nosniff","alt-svc":"h3=\":443\"; ma=2592000,h3-29=\":443\"; ma=2592000,h3-T051=\":443\"; ma=2592000,h3-Q050=\":443\"; ma=2592000,h3-Q046=\":443\"; ma=2592000,h3-Q043=\":443\"; ma=2592000,quic=\":443\"; ma=2592000; v=\"46,43\"","accept-ranges":"none","transfer-encoding":"chunked"}
[debug] [2021-06-13T11:18:40.656Z] [hosting] finalized version for messengerclone-d4793: {"name":"sites/messengerclone-d4793/versions/17ff150c87bbf035","status":"FINALIZED","config":{"rewrites":[{"glob":"**","path":"/index.html"}]},"labels":{"deployment-tool":"cli-firebase"},"createTime":"2021-06-13T11:18:08.224876Z","createUser":{"email":"007razajutt@gmail.com"},"finalizeTime":"2021-06-13T11:18:16.655612Z","finalizeUser":{"email":"007razajutt@gmail.com"}}
[info] ✔  hosting[messengerclone-d4793]: version finalized 
[info] i  hosting[messengerclone-d4793]: releasing new version... 
[debug] [2021-06-13T11:18:40.657Z] >>> HTTP REQUEST POST https://firebasehosting.googleapis.com/v1beta1/sites/messengerclone-d4793/releases?version_name=sites/messengerclone-d4793/versions/17ff150c87bbf035  
 {"message":null}
